#
# There is insufficient memory for the Java Runtime Environment to continue.
# Native memory allocation (malloc) failed to allocate 968704 bytes for Chunk::new
# Possible reasons:
#   The system is out of physical RAM or swap space
#   In 32 bit mode, the process size limit was hit
# Possible solutions:
#   Reduce memory load on the system
#   Increase physical memory or swap space
#   Check if swap backing store is full
#   Use 64 bit Java on a 64 bit OS
#   Decrease Java heap size (-Xmx/-Xms)
#   Decrease number of Java threads
#   Decrease Java thread stack sizes (-Xss)
#   Set larger code cache with -XX:ReservedCodeCacheSize=
# This output file may be truncated or incomplete.
#
#  Out of Memory Error (allocation.cpp:390), pid=6156, tid=8024
#
# JRE version: Java(TM) SE Runtime Environment (8.0_25-b18) (build 1.8.0_25-b18)
# Java VM: Java HotSpot(TM) 64-Bit Server VM (25.25-b02 mixed mode windows-amd64 compressed oops)
# Failed to write core dump. Minidumps are not enabled by default on client versions of Windows
#

---------------  T H R E A D  ---------------

Current thread (0x0000000016965000):  JavaThread "C2 CompilerThread1" daemon [_thread_in_native, id=8024, stack(0x0000000017fc0000,0x00000000180c0000)]

Stack: [0x0000000017fc0000,0x00000000180c0000]
Native frames: (J=compiled Java code, j=interpreted, Vv=VM code, C=native code)
V  [jvm.dll+0x31667a]
V  [jvm.dll+0x267073]
V  [jvm.dll+0x267cb3]
V  [jvm.dll+0x25f5b5]
V  [jvm.dll+0xbf165]
V  [jvm.dll+0xbf60c]
V  [jvm.dll+0x479017]
V  [jvm.dll+0x4465b0]
V  [jvm.dll+0x45130e]
V  [jvm.dll+0x4538f8]
V  [jvm.dll+0x437372]
V  [jvm.dll+0x98a02]
V  [jvm.dll+0x991f3]
V  [jvm.dll+0x22bde4]
V  [jvm.dll+0x2852fa]
C  [msvcr100.dll+0x21d9f]
C  [msvcr100.dll+0x21e3b]
C  [KERNEL32.DLL+0x13d2]
C  [ntdll.dll+0x6eb64]


Current CompileTask:
C2:   7431 2170       4       org.apache.poi.xssf.usermodel.XSSFCell::setCellValue (160 bytes)


---------------  P R O C E S S  ---------------

Java Threads: ( => current thread )
  0x00000000189d7800 JavaThread "Keep-Alive-Timer" daemon [_thread_blocked, id=3368, stack(0x0000000019550000,0x0000000019650000)]
  0x00000000185b4800 JavaThread "Thread-0" daemon [_thread_in_native, id=3984, stack(0x0000000019170000,0x0000000019270000)]
  0x00000000185a3000 JavaThread "Monitor Ctrl-Break" daemon [_thread_in_native, id=2556, stack(0x0000000018fc0000,0x00000000190c0000)]
  0x00000000181f0800 JavaThread "Service Thread" daemon [_thread_blocked, id=7908, stack(0x00000000185c0000,0x00000000186c0000)]
  0x0000000016969000 JavaThread "C1 CompilerThread2" daemon [_thread_blocked, id=6584, stack(0x00000000180c0000,0x00000000181c0000)]
=>0x0000000016965000 JavaThread "C2 CompilerThread1" daemon [_thread_in_native, id=8024, stack(0x0000000017fc0000,0x00000000180c0000)]
  0x0000000016963000 JavaThread "C2 CompilerThread0" daemon [_thread_in_native, id=192, stack(0x0000000017ec0000,0x0000000017fc0000)]
  0x0000000016961800 JavaThread "Attach Listener" daemon [_thread_blocked, id=4632, stack(0x0000000017dc0000,0x0000000017ec0000)]
  0x0000000016960800 JavaThread "Signal Dispatcher" daemon [_thread_blocked, id=4000, stack(0x0000000017cc0000,0x0000000017dc0000)]
  0x0000000001e29000 JavaThread "Finalizer" daemon [_thread_blocked, id=5768, stack(0x0000000017bc0000,0x0000000017cc0000)]
  0x0000000001e20000 JavaThread "Reference Handler" daemon [_thread_blocked, id=3812, stack(0x0000000017ac0000,0x0000000017bc0000)]
  0x0000000001d33800 JavaThread "main" [_thread_in_Java, id=5032, stack(0x0000000001c30000,0x0000000001d30000)]

Other Threads:
  0x0000000016926800 VMThread [stack: 0x00000000179c0000,0x0000000017ac0000] [id=7656]
  0x00000000169be800 WatcherThread [stack: 0x00000000186c0000,0x00000000187c0000] [id=6644]

VM state:not at safepoint (normal execution)

VM Mutex/Monitor currently owned by a thread: None

Heap:
 PSYoungGen      total 117248K, used 69696K [0x00000000d5f00000, 0x00000000ddd00000, 0x0000000100000000)
  eden space 105984K, 56% used [0x00000000d5f00000,0x00000000d98fc168,0x00000000dc680000)
  from space 11264K, 91% used [0x00000000dc680000,0x00000000dd094120,0x00000000dd180000)
  to   space 10752K, 0% used [0x00000000dd180000,0x00000000dd180000,0x00000000ddc00000)
 ParOldGen       total 87552K, used 62678K [0x0000000081c00000, 0x0000000087180000, 0x00000000d5f00000)
  object space 87552K, 71% used [0x0000000081c00000,0x0000000085935ba0,0x0000000087180000)
 Metaspace       used 11237K, capacity 11468K, committed 11648K, reserved 1058816K
  class space    used 1346K, capacity 1408K, committed 1408K, reserved 1048576K

Card table byte_map: [0x00000000111f0000,0x00000000115f0000] byte_map_base: 0x0000000010de2000

Marking Bits: (ParMarkBitMap*) 0x000000005ff6d490
 Begin Bits: [0x0000000011ca0000, 0x0000000013c30000)
 End Bits:   [0x0000000013c30000, 0x0000000015bc0000)

Polling page: 0x0000000001b40000

CodeCache: size=245760Kb used=8398Kb max_used=8423Kb free=237361Kb
 bounds [0x0000000001e30000, 0x0000000002680000, 0x0000000010e30000]
 total_blobs=2446 nmethods=2150 adapters=209
 compilation: enabled

Compilation events (10 events):
Event: 6.925 Thread 0x0000000016969000 2184       2       org.apache.xmlbeans.impl.store.Locale::pollQueue (43 bytes)
Event: 6.925 Thread 0x0000000016969000 nmethod 2184 0x0000000002632f90 code [0x0000000002633120, 0x0000000002633538]
Event: 6.964 Thread 0x0000000016969000 2185       3       org.apache.poi.xssf.usermodel.XSSFSheet::createRow (151 bytes)
Event: 6.966 Thread 0x0000000016969000 nmethod 2185 0x0000000002650810 code [0x0000000002650b80, 0x0000000002652768]
Event: 7.249 Thread 0x0000000016963000 nmethod 2163 0x00000000026646d0 code [0x0000000002664de0, 0x000000000266c0a8]
Event: 7.251 Thread 0x0000000016963000 2171   !   4       org.apache.xmlbeans.impl.store.Cursor::dispose (83 bytes)
Event: 7.253 Thread 0x0000000016969000 2192       2       java.lang.ref.ReferenceQueue::<init> (27 bytes)
Event: 7.253 Thread 0x0000000016969000 nmethod 2192 0x00000000025c49d0 code [0x00000000025c4b20, 0x00000000025c4d10]
Event: 7.264 Thread 0x0000000016963000 nmethod 2171 0x0000000002660ad0 code [0x0000000002660ca0, 0x00000000026618b0]
Event: 7.264 Thread 0x0000000016963000 2174   !   4       org.apache.xmlbeans.impl.values.XmlObjectBase::xmlText (35 bytes)

GC Heap History (10 events):
Event: 6.412 GC heap before
{Heap before GC invocations=25 (full 0):
 PSYoungGen      total 116736K, used 116620K [0x00000000d5f00000, 0x00000000ddd00000, 0x0000000100000000)
  eden space 105984K, 100% used [0x00000000d5f00000,0x00000000dc680000,0x00000000dc680000)
  from space 10752K, 98% used [0x00000000dd180000,0x00000000ddbe3000,0x00000000ddc00000)
  to   space 11264K, 0% used [0x00000000dc680000,0x00000000dc680000,0x00000000dd180000)
 ParOldGen       total 87552K, used 12217K [0x0000000081c00000, 0x0000000087180000, 0x00000000d5f00000)
  object space 87552K, 13% used [0x0000000081c00000,0x00000000827ee7d0,0x0000000087180000)
 Metaspace       used 11212K, capacity 11468K, committed 11648K, reserved 1058816K
  class space    used 1343K, capacity 1408K, committed 1408K, reserved 1048576K
Event: 6.426 GC heap after
Heap after GC invocations=25 (full 0):
 PSYoungGen      total 117248K, used 10080K [0x00000000d5f00000, 0x00000000ddd00000, 0x0000000100000000)
  eden space 105984K, 0% used [0x00000000d5f00000,0x00000000d5f00000,0x00000000dc680000)
  from space 11264K, 89% used [0x00000000dc680000,0x00000000dd058010,0x00000000dd180000)
  to   space 10752K, 0% used [0x00000000dd180000,0x00000000dd180000,0x00000000ddc00000)
 ParOldGen       total 87552K, used 21830K [0x0000000081c00000, 0x0000000087180000, 0x00000000d5f00000)
  object space 87552K, 24% used [0x0000000081c00000,0x0000000083151bf0,0x0000000087180000)
 Metaspace       used 11212K, capacity 11468K, committed 11648K, reserved 1058816K
  class space    used 1343K, capacity 1408K, committed 1408K, reserved 1048576K
}
Event: 6.702 GC heap before
{Heap before GC invocations=26 (full 0):
 PSYoungGen      total 117248K, used 116064K [0x00000000d5f00000, 0x00000000ddd00000, 0x0000000100000000)
  eden space 105984K, 100% used [0x00000000d5f00000,0x00000000dc680000,0x00000000dc680000)
  from space 11264K, 89% used [0x00000000dc680000,0x00000000dd058010,0x00000000dd180000)
  to   space 10752K, 0% used [0x00000000dd180000,0x00000000dd180000,0x00000000ddc00000)
 ParOldGen       total 87552K, used 21830K [0x0000000081c00000, 0x0000000087180000, 0x00000000d5f00000)
  object space 87552K, 24% used [0x0000000081c00000,0x0000000083151bf0,0x0000000087180000)
 Metaspace       used 11222K, capacity 11468K, committed 11648K, reserved 1058816K
  class space    used 1345K, capacity 1408K, committed 1408K, reserved 1048576K
Event: 6.718 GC heap after
Heap after GC invocations=26 (full 0):
 PSYoungGen      total 116736K, used 10176K [0x00000000d5f00000, 0x00000000ddd00000, 0x0000000100000000)
  eden space 105984K, 0% used [0x00000000d5f00000,0x00000000d5f00000,0x00000000dc680000)
  from space 10752K, 94% used [0x00000000dd180000,0x00000000ddb70010,0x00000000ddc00000)
  to   space 11264K, 0% used [0x00000000dc680000,0x00000000dc680000,0x00000000dd180000)
 ParOldGen       total 87552K, used 31871K [0x0000000081c00000, 0x0000000087180000, 0x00000000d5f00000)
  object space 87552K, 36% used [0x0000000081c00000,0x0000000083b1fd98,0x0000000087180000)
 Metaspace       used 11222K, capacity 11468K, committed 11648K, reserved 1058816K
  class space    used 1345K, capacity 1408K, committed 1408K, reserved 1048576K
}
Event: 6.932 GC heap before
{Heap before GC invocations=27 (full 0):
 PSYoungGen      total 116736K, used 116160K [0x00000000d5f00000, 0x00000000ddd00000, 0x0000000100000000)
  eden space 105984K, 100% used [0x00000000d5f00000,0x00000000dc680000,0x00000000dc680000)
  from space 10752K, 94% used [0x00000000dd180000,0x00000000ddb70010,0x00000000ddc00000)
  to   space 11264K, 0% used [0x00000000dc680000,0x00000000dc680000,0x00000000dd180000)
 ParOldGen       total 87552K, used 31871K [0x0000000081c00000, 0x0000000087180000, 0x00000000d5f00000)
  object space 87552K, 36% used [0x0000000081c00000,0x0000000083b1fd98,0x0000000087180000)
 Metaspace       used 11237K, capacity 11468K, committed 11648K, reserved 1058816K
  class space    used 1346K, capacity 1408K, committed 1408K, reserved 1048576K
Event: 6.952 GC heap after
Heap after GC invocations=27 (full 0):
 PSYoungGen      total 117248K, used 10244K [0x00000000d5f00000, 0x00000000ddd00000, 0x0000000100000000)
  eden space 105984K, 0% used [0x00000000d5f00000,0x00000000d5f00000,0x00000000dc680000)
  from space 11264K, 90% used [0x00000000dc680000,0x00000000dd081278,0x00000000dd180000)
  to   space 10752K, 0% used [0x00000000dd180000,0x00000000dd180000,0x00000000ddc00000)
 ParOldGen       total 87552K, used 41975K [0x0000000081c00000, 0x0000000087180000, 0x00000000d5f00000)
  object space 87552K, 47% used [0x0000000081c00000,0x00000000844fdda8,0x0000000087180000)
 Metaspace       used 11237K, capacity 11468K, committed 11648K, reserved 1058816K
  class space    used 1346K, capacity 1408K, committed 1408K, reserved 1048576K
}
Event: 7.135 GC heap before
{Heap before GC invocations=28 (full 0):
 PSYoungGen      total 117248K, used 116228K [0x00000000d5f00000, 0x00000000ddd00000, 0x0000000100000000)
  eden space 105984K, 100% used [0x00000000d5f00000,0x00000000dc680000,0x00000000dc680000)
  from space 11264K, 90% used [0x00000000dc680000,0x00000000dd081278,0x00000000dd180000)
  to   space 10752K, 0% used [0x00000000dd180000,0x00000000dd180000,0x00000000ddc00000)
 ParOldGen       total 87552K, used 41975K [0x0000000081c00000, 0x0000000087180000, 0x00000000d5f00000)
  object space 87552K, 47% used [0x0000000081c00000,0x00000000844fdda8,0x0000000087180000)
 Metaspace       used 11237K, capacity 11468K, committed 11648K, reserved 1058816K
  class space    used 1346K, capacity 1408K, committed 1408K, reserved 1048576K
Event: 7.152 GC heap after
Heap after GC invocations=28 (full 0):
 PSYoungGen      total 116736K, used 10454K [0x00000000d5f00000, 0x00000000ddd00000, 0x0000000100000000)
  eden space 105984K, 0% used [0x00000000d5f00000,0x00000000d5f00000,0x00000000dc680000)
  from space 10752K, 97% used [0x00000000dd180000,0x00000000ddbb5ba8,0x00000000ddc00000)
  to   space 11264K, 0% used [0x00000000dc680000,0x00000000dc680000,0x00000000dd180000)
 ParOldGen       total 87552K, used 52191K [0x0000000081c00000, 0x0000000087180000, 0x00000000d5f00000)
  object space 87552K, 59% used [0x0000000081c00000,0x0000000084ef7ff8,0x0000000087180000)
 Metaspace       used 11237K, capacity 11468K, committed 11648K, reserved 1058816K
  class space    used 1346K, capacity 1408K, committed 1408K, reserved 1048576K
}
Event: 7.325 GC heap before
{Heap before GC invocations=29 (full 0):
 PSYoungGen      total 116736K, used 116438K [0x00000000d5f00000, 0x00000000ddd00000, 0x0000000100000000)
  eden space 105984K, 100% used [0x00000000d5f00000,0x00000000dc680000,0x00000000dc680000)
  from space 10752K, 97% used [0x00000000dd180000,0x00000000ddbb5ba8,0x00000000ddc00000)
  to   space 11264K, 0% used [0x00000000dc680000,0x00000000dc680000,0x00000000dd180000)
 ParOldGen       total 87552K, used 52191K [0x0000000081c00000, 0x0000000087180000, 0x00000000d5f00000)
  object space 87552K, 59% used [0x0000000081c00000,0x0000000084ef7ff8,0x0000000087180000)
 Metaspace       used 11237K, capacity 11468K, committed 11648K, reserved 1058816K
  class space    used 1346K, capacity 1408K, committed 1408K, reserved 1048576K
Event: 7.344 GC heap after
Heap after GC invocations=29 (full 0):
 PSYoungGen      total 117248K, used 10320K [0x00000000d5f00000, 0x00000000ddd00000, 0x0000000100000000)
  eden space 105984K, 0% used [0x00000000d5f00000,0x00000000d5f00000,0x00000000dc680000)
  from space 11264K, 91% used [0x00000000dc680000,0x00000000dd094120,0x00000000dd180000)
  to   space 10752K, 0% used [0x00000000dd180000,0x00000000dd180000,0x00000000ddc00000)
 ParOldGen       total 87552K, used 62678K [0x0000000081c00000, 0x0000000087180000, 0x00000000d5f00000)
  object space 87552K, 71% used [0x0000000081c00000,0x0000000085935ba0,0x0000000087180000)
 Metaspace       used 11237K, capacity 11468K, committed 11648K, reserved 1058816K
  class space    used 1346K, capacity 1408K, committed 1408K, reserved 1048576K
}

Deoptimization events (10 events):
Event: 4.594 Thread 0x0000000001d33800 Uncommon trap: reason=class_check action=maybe_recompile pc=0x00000000021c98b0 method=java.util.regex.Pattern$Start.match(Ljava/util/regex/Matcher;ILjava/lang/CharSequence;)Z @ 44
Event: 4.895 Thread 0x0000000001d33800 Uncommon trap: reason=unreached action=reinterpret pc=0x00000000021c85b0 method=java.util.HashMap.hash(Ljava/lang/Object;)I @ 1
Event: 5.060 Thread 0x0000000001d33800 Uncommon trap: reason=bimorphic action=maybe_recompile pc=0x0000000002220b9c method=java.util.AbstractCollection.addAll(Ljava/util/Collection;)Z @ 3
Event: 5.073 Thread 0x0000000001d33800 Uncommon trap: reason=bimorphic action=maybe_recompile pc=0x0000000002220b9c method=java.util.AbstractCollection.addAll(Ljava/util/Collection;)Z @ 3
Event: 5.073 Thread 0x0000000001d33800 Uncommon trap: reason=bimorphic action=maybe_recompile pc=0x0000000002220b9c method=java.util.AbstractCollection.addAll(Ljava/util/Collection;)Z @ 3
Event: 5.073 Thread 0x0000000001d33800 Uncommon trap: reason=bimorphic action=maybe_recompile pc=0x0000000002220b9c method=java.util.AbstractCollection.addAll(Ljava/util/Collection;)Z @ 3
Event: 5.275 Thread 0x0000000001d33800 Uncommon trap: reason=bimorphic action=maybe_recompile pc=0x0000000002269e54 method=java.util.regex.Pattern$Start.match(Ljava/util/regex/Matcher;ILjava/lang/CharSequence;)Z @ 44
Event: 5.276 Thread 0x0000000001d33800 Uncommon trap: reason=bimorphic action=maybe_recompile pc=0x0000000002269e54 method=java.util.regex.Pattern$Start.match(Ljava/util/regex/Matcher;ILjava/lang/CharSequence;)Z @ 44
Event: 5.406 Thread 0x0000000001d33800 Uncommon trap: reason=bimorphic action=maybe_recompile pc=0x0000000002269e54 method=java.util.regex.Pattern$Start.match(Ljava/util/regex/Matcher;ILjava/lang/CharSequence;)Z @ 44
Event: 5.413 Thread 0x0000000001d33800 Uncommon trap: reason=bimorphic action=maybe_recompile pc=0x0000000002269e54 method=java.util.regex.Pattern$Start.match(Ljava/util/regex/Matcher;ILjava/lang/CharSequence;)Z @ 44

Internal exceptions (10 events):
Event: 4.934 Thread 0x0000000001d33800 Exception <a 'java/security/PrivilegedActionException'> (0x00000000dbffbcb0) thrown at [D:\re\workspace\8-2-build-windows-amd64-cygwin\jdk8u25\1677\hotspot\src\share\vm\prims\jvm.cpp, line 1312]
Event: 4.934 Thread 0x0000000001d33800 Exception <a 'java/security/PrivilegedActionException'> (0x00000000dbffbff8) thrown at [D:\re\workspace\8-2-build-windows-amd64-cygwin\jdk8u25\1677\hotspot\src\share\vm\prims\jvm.cpp, line 1312]
Event: 4.934 Thread 0x0000000001d33800 Exception <a 'java/security/PrivilegedActionException'> (0x00000000dbffc990) thrown at [D:\re\workspace\8-2-build-windows-amd64-cygwin\jdk8u25\1677\hotspot\src\share\vm\prims\jvm.cpp, line 1312]
Event: 4.934 Thread 0x0000000001d33800 Exception <a 'java/security/PrivilegedActionException'> (0x00000000dc001f58) thrown at [D:\re\workspace\8-2-build-windows-amd64-cygwin\jdk8u25\1677\hotspot\src\share\vm\prims\jvm.cpp, line 1312]
Event: 4.934 Thread 0x0000000001d33800 Exception <a 'java/security/PrivilegedActionException'> (0x00000000dc0022a0) thrown at [D:\re\workspace\8-2-build-windows-amd64-cygwin\jdk8u25\1677\hotspot\src\share\vm\prims\jvm.cpp, line 1312]
Event: 4.934 Thread 0x0000000001d33800 Exception <a 'java/security/PrivilegedActionException'> (0x00000000dc007a28) thrown at [D:\re\workspace\8-2-build-windows-amd64-cygwin\jdk8u25\1677\hotspot\src\share\vm\prims\jvm.cpp, line 1312]
Event: 4.934 Thread 0x0000000001d33800 Exception <a 'java/security/PrivilegedActionException'> (0x00000000dc007d70) thrown at [D:\re\workspace\8-2-build-windows-amd64-cygwin\jdk8u25\1677\hotspot\src\share\vm\prims\jvm.cpp, line 1312]
Event: 4.934 Thread 0x0000000001d33800 Exception <a 'java/security/PrivilegedActionException'> (0x00000000dc008738) thrown at [D:\re\workspace\8-2-build-windows-amd64-cygwin\jdk8u25\1677\hotspot\src\share\vm\prims\jvm.cpp, line 1312]
Event: 4.934 Thread 0x0000000001d33800 Exception <a 'java/security/PrivilegedActionException'> (0x00000000dc00dd88) thrown at [D:\re\workspace\8-2-build-windows-amd64-cygwin\jdk8u25\1677\hotspot\src\share\vm\prims\jvm.cpp, line 1312]
Event: 4.934 Thread 0x0000000001d33800 Exception <a 'java/security/PrivilegedActionException'> (0x00000000dc00e0d0) thrown at [D:\re\workspace\8-2-build-windows-amd64-cygwin\jdk8u25\1677\hotspot\src\share\vm\prims\jvm.cpp, line 1312]

Events (10 events):
Event: 6.821 loading class org/openxmlformats/schemas/spreadsheetml/x2006/main/STFormula
Event: 6.821 loading class org/openxmlformats/schemas/spreadsheetml/x2006/main/STFormula done
Event: 6.932 Executing VM operation: ParallelGCFailedAllocation
Event: 6.952 Executing VM operation: ParallelGCFailedAllocation done
Event: 6.965 Thread 0x0000000001d33800 DEOPT PACKING pc=0x000000000256675f sp=0x0000000001d2e2f0
Event: 6.966 Thread 0x0000000001d33800 DEOPT UNPACKING pc=0x0000000001e775bf sp=0x0000000001d2dfd8 mode 0
Event: 7.134 Executing VM operation: ParallelGCFailedAllocation
Event: 7.152 Executing VM operation: ParallelGCFailedAllocation done
Event: 7.325 Executing VM operation: ParallelGCFailedAllocation
Event: 7.344 Executing VM operation: ParallelGCFailedAllocation done


Dynamic libraries:
0x00007ff628fc0000 - 0x00007ff628ff4000 	C:\Program Files\Java\jdk1.8.0_25\bin\java.exe
0x00007ff8e4150000 - 0x00007ff8e42fc000 	C:\WINDOWS\SYSTEM32\ntdll.dll
0x00007ff8e3ae0000 - 0x00007ff8e3c1e000 	C:\WINDOWS\system32\KERNEL32.DLL
0x00007ff8e1650000 - 0x00007ff8e1765000 	C:\WINDOWS\system32\KERNELBASE.dll
0x00007ff8e3dc0000 - 0x00007ff8e3e6a000 	C:\WINDOWS\system32\ADVAPI32.DLL
0x00007ff8e2500000 - 0x00007ff8e25aa000 	C:\WINDOWS\system32\msvcrt.dll
0x00007ff8e40f0000 - 0x00007ff8e4149000 	C:\WINDOWS\SYSTEM32\sechost.dll
0x00007ff8e1f60000 - 0x00007ff8e20a1000 	C:\WINDOWS\system32\RPCRT4.dll
0x00007ff8dfba0000 - 0x00007ff8dfc2e000 	C:\WINDOWS\system32\apphelp.dll
0x00007ff8d8ba0000 - 0x00007ff8d8bf3000 	C:\WINDOWS\AppPatch\AppPatch64\AcGenral.DLL
0x00007ff8e1070000 - 0x00007ff8e109e000 	C:\WINDOWS\SYSTEM32\SspiCli.dll
0x00007ff8e4090000 - 0x00007ff8e40e4000 	C:\WINDOWS\system32\SHLWAPI.dll
0x00007ff8e1930000 - 0x00007ff8e1aa7000 	C:\WINDOWS\system32\USER32.dll
0x00007ff8e3c20000 - 0x00007ff8e3db4000 	C:\WINDOWS\system32\ole32.dll
0x00007ff8e25b0000 - 0x00007ff8e3ac8000 	C:\WINDOWS\system32\SHELL32.dll
0x00007ff8e0840000 - 0x00007ff8e0861000 	C:\WINDOWS\SYSTEM32\USERENV.dll
0x00007ff8d4070000 - 0x00007ff8d408e000 	C:\WINDOWS\SYSTEM32\MPR.dll
0x00007ff8e1ab0000 - 0x00007ff8e1cc1000 	C:\WINDOWS\SYSTEM32\combase.dll
0x00007ff8e17d0000 - 0x00007ff8e1921000 	C:\WINDOWS\system32\GDI32.dll
0x00007ff8e12a0000 - 0x00007ff8e12b5000 	C:\WINDOWS\SYSTEM32\profapi.dll
0x00007ff8de130000 - 0x00007ff8de1e2000 	C:\WINDOWS\SYSTEM32\SHCORE.dll
0x00007ff8e3ed0000 - 0x00007ff8e3f06000 	C:\WINDOWS\system32\IMM32.DLL
0x00007ff8e1e00000 - 0x00007ff8e1f53000 	C:\WINDOWS\system32\MSCTF.dll
0x00007ff8dd870000 - 0x00007ff8ddaeb000 	C:\WINDOWS\WinSxS\amd64_microsoft.windows.common-controls_6595b64144ccf1df_6.0.9600.17415_none_6240486fecbd8abb\COMCTL32.dll
0x00000000630c0000 - 0x0000000063192000 	C:\Program Files\Java\jdk1.8.0_25\jre\bin\msvcr100.dll
0x000000005f790000 - 0x000000005ffea000 	C:\Program Files\Java\jdk1.8.0_25\jre\bin\server\jvm.dll
0x00007ff8da670000 - 0x00007ff8da679000 	C:\WINDOWS\SYSTEM32\WSOCK32.dll
0x00007ff8dcb00000 - 0x00007ff8dcb22000 	C:\WINDOWS\SYSTEM32\WINMM.dll
0x00007ff8e3fd0000 - 0x00007ff8e3fd7000 	C:\WINDOWS\system32\PSAPI.DLL
0x00007ff8e1cd0000 - 0x00007ff8e1d2a000 	C:\WINDOWS\system32\WS2_32.dll
0x00007ff8dc350000 - 0x00007ff8dc37a000 	C:\WINDOWS\SYSTEM32\WINMMBASE.dll
0x00007ff8e3ad0000 - 0x00007ff8e3ad9000 	C:\WINDOWS\system32\NSI.dll
0x00007ff8e1370000 - 0x00007ff8e13bf000 	C:\WINDOWS\SYSTEM32\cfgmgr32.dll
0x00007ff8e0140000 - 0x00007ff8e0168000 	C:\WINDOWS\SYSTEM32\DEVOBJ.dll
0x0000000063590000 - 0x000000006359f000 	C:\Program Files\Java\jdk1.8.0_25\jre\bin\verify.dll
0x00000000633f0000 - 0x0000000063418000 	C:\Program Files\Java\jdk1.8.0_25\jre\bin\java.dll
0x0000000063570000 - 0x0000000063586000 	C:\Program Files\Java\jdk1.8.0_25\jre\bin\zip.dll
0x00007ff8dca20000 - 0x00007ff8dca30000 	C:\Program Files (x86)\JetBrains\IntelliJ IDEA Community Edition 14.0.2\bin\breakgen64.dll
0x0000000063470000 - 0x000000006348a000 	C:\Program Files\Java\jdk1.8.0_25\jre\bin\net.dll
0x00007ff8e0ab0000 - 0x00007ff8e0b09000 	C:\WINDOWS\system32\mswsock.dll
0x00007ff8da760000 - 0x00007ff8da775000 	C:\WINDOWS\system32\napinsp.dll
0x00007ff8da780000 - 0x00007ff8da79a000 	C:\WINDOWS\system32\pnrpnsp.dll
0x00007ff8de010000 - 0x00007ff8de02b000 	C:\WINDOWS\system32\NLAapi.dll
0x00007ff8e08b0000 - 0x00007ff8e0954000 	C:\WINDOWS\SYSTEM32\DNSAPI.dll
0x00007ff8da7b0000 - 0x00007ff8da7bd000 	C:\WINDOWS\System32\winrnr.dll
0x00007ff8da7a0000 - 0x00007ff8da7aa000 	C:\Windows\System32\rasadhlp.dll
0x00007ff8dc2b0000 - 0x00007ff8dc2da000 	C:\WINDOWS\SYSTEM32\IPHLPAPI.DLL
0x00007ff8dc290000 - 0x00007ff8dc29a000 	C:\WINDOWS\SYSTEM32\WINNSI.DLL
0x00007ff8dc090000 - 0x00007ff8dc0fb000 	C:\WINDOWS\System32\fwpuclnt.dll
0x00007ff8d6260000 - 0x00007ff8d63ea000 	C:\WINDOWS\SYSTEM32\dbghelp.dll

VM Arguments:
jvm_args: -Didea.launcher.port=7532 -Didea.launcher.bin.path=C:\Program Files (x86)\JetBrains\IntelliJ IDEA Community Edition 14.0.2\bin -Dfile.encoding=UTF-8 
java_command: com.intellij.rt.execution.application.AppMain com.intellij.uiDesigner.snapShooter.SnapShooter 44 55665 Main
java_class_path (initial): C:\Program Files (x86)\JetBrains\IntelliJ IDEA Community Edition 14.0.2\plugins\uiDesigner\lib\uiDesigner.jar;C:\Program Files (x86)\JetBrains\IntelliJ IDEA Community Edition 14.0.2\lib\util.jar;C:\Program Files (x86)\JetBrains\IntelliJ IDEA Community Edition 14.0.2\lib\trove4j.jar;C:\Program Files (x86)\JetBrains\IntelliJ IDEA Community Edition 14.0.2\lib\resources_en.jar;C:\Program Files (x86)\JetBrains\IntelliJ IDEA Community Edition 14.0.2\lib\picocontainer.jar;C:\Program Files (x86)\JetBrains\IntelliJ IDEA Community Edition 14.0.2\lib\oromatcher.jar;C:\Program Files (x86)\JetBrains\IntelliJ IDEA Community Edition 14.0.2\lib\openapi.jar;C:\Program Files (x86)\JetBrains\IntelliJ IDEA Community Edition 14.0.2\lib\log4j.jar;C:\Program Files (x86)\JetBrains\IntelliJ IDEA Community Edition 14.0.2\lib\jna.jar;C:\Program Files (x86)\JetBrains\IntelliJ IDEA Community Edition 14.0.2\lib\jna-utils.jar;C:\Program Files (x86)\JetBrains\IntelliJ IDEA Community Edition 14.0.2\lib\jgoodies-forms.jar;C:\Program Files (x86)\JetBrains\IntelliJ IDEA Community Edition 14.0.2\lib\jdom.jar;C:\Program Files (x86)\JetBrains\IntelliJ IDEA Community Edition 14.0.2\lib\forms_rt.jar;C:\Program Files (x86)\JetBrains\IntelliJ IDEA Community Edition 14.0.2\lib\extensions.jar;C:\Program Files (x86)\JetBrains\IntelliJ IDEA Community Edition 14.0.2\lib\annotations.jar;C:\Program Files\Java\jdk1.8.0_25\jre\lib\charsets.jar;C:\Program Files\Java\jdk1.8.0_25\jre\lib\deploy.jar;C:\Program Files\Java\jdk1.8.0_25\jre\lib\javaws.jar;C:\Program Files\Java\jdk1.8.0_25\jre\lib\jce.jar;C:\Program Files\Java\jdk1.8.0_25\jre\lib\jfr.jar;C:\Program Files\Java\jdk1.8.0_25\jre\lib\jfxswt.jar;C:\Program Files\Java\jdk1.8.0_25\jre\lib\jsse.jar;C:\Program Files\Java\jdk1.8.0_25\jre\lib\management-agent.jar;C:\Program Files\Java\jdk1.8.0_25\jre\lib\plugin.jar;C:\Program Files\Java\jdk1.8.0_25\jre\lib\resources.jar;C:\Program Files\Java\jdk1.8.0_25\jre\lib\rt.jar;C:\Program Files\Java\jd
Launcher Type: SUN_STANDARD

Environment Variables:
JAVA_HOME=C:\Program Files\Java\jdk1.8.0_25
PATH=C:\Program Files (x86)\RSA SecurID Token Common;C:\Program Files\RSA SecurID Token Common;C:\ProgramData\Oracle\Java\javapath;C:\Users\Mykhaylo_Mikus\workspace\apache-maven-3.2.3\bin;C:\Users\Mykhaylo_Mikus\workspace\apache-maven-3.2.3\bin;C:\WINDOWS\system32;C:\WINDOWS;C:\WINDOWS\System32\Wbem;C:\WINDOWS\System32\WindowsPowerShell\v1.0\;C:\WINDOWS\idmu\common;C:\Program Files (x86)\Intel\OpenCL SDK\2.0\bin\x86;C:\Program Files (x86)\Intel\OpenCL SDK\2.0\bin\x64;D:\install\apache-activemq-5.10.0\bin;C:\Program Files\Java\jdk1.8.0_25\bin;C:\Program Files (x86)\MySQL\MySQL Utilities 1.4\;C:\Program Files (x86)\MySQL\MySQL Utilities 1.4\Doctrine extensions for PHP\;C:\Program Files (x86)\Gradle\1.10\bin;C:\Program Files (x86)\Intel\OpenCL SDK\2.0\bin\x86;C:\Program Files (x86)\Intel\OpenCL SDK\2.0\bin\x64;C:\Program Files (x86)\Git\cmd;C:\Users\Mykhaylo_Mikus\AppData\Local\Android\sdk\tools;C:\Users\Mykhaylo_Mikus\AppData\Local\Android\sdk\platform-tools;C:\Program Files\TortoiseSVN\bin;D:\Program_Files_(x86)\apache-ant-1.9.4/bin;C:\Program Files (x86)\Intel\OpenCL SDK\2.0\bin\x86;C:\Program Files (x86)\Intel\OpenCL SDK\2.0\bin\x64
USERNAME=Mykhaylo_Mikus
OS=Windows_NT
PROCESSOR_IDENTIFIER=Intel64 Family 6 Model 42 Stepping 7, GenuineIntel



---------------  S Y S T E M  ---------------

OS: Windows 8.1 , 64 bit Build 9600 

CPU:total 4 (4 cores per cpu, 1 threads per core) family 6 model 42 stepping 7, cmov, cx8, fxsr, mmx, sse, sse2, sse3, ssse3, sse4.1, sse4.2, popcnt, avx, aes, clmul, tsc, tscinvbit

Memory: 4k page, physical 8273872k(1351360k free), swap 11419600k(5604k free)

vm_info: Java HotSpot(TM) 64-Bit Server VM (25.25-b02) for windows-amd64 JRE (1.8.0_25-b18), built on Oct  7 2014 14:25:37 by "java_re" with MS VC++ 10.0 (VS2010)

time: Wed Mar 18 09:43:50 2015
elapsed time: 7 seconds (0d 0h 0m 7s)

