
===== START  ===== Tue Dec 15 12:48:00 EET 2015 =====
initActualDate()=15.12.2015
currentDataDir()=out\data\15.12.2015\

Start load
try load from 'out\data\15.12.2015\catalog'
'out\data\15.12.2015\catalog' loading Failed
End load

Start update
Купити ::гараж чи стоянку:: в м.Львів Франківський р-н - Нерухомість у Львові в газеті Ваш Магазин.:[http://vashmagazin.ua//nerukhomist/harazhi-ta-stoyanky/frankivskyy-rayon/?item_price1=&item_price2=&page=2]
Продати ::землю:: ділянки під житлову забудову в м.Львів і Львівській області - Нерухомість у Львові в газеті Ваш Магазин.:[current page source]
::Продаж будинків:: в м.Львів - Нерухомість (продаж) у Львові в Галицькому р-ні - Ваш Магазин:[current page source]
Купити ::дачу:: в м.Львів і Львівській області - Нерухомість у Львові в газеті Ваш Магазин.:[current page source]
Купити ::кімнату:: в м.Львів - Нерухомість (кімнати) у Львові в газеті Ваш Магазин.:[current page source]
::Купити дачу:: в м.Львів - Нерухомість (дачі) за межами області - Ваш Магазин:[current page source]
Купити ::кімнату:: за межами області - Нерухомість (кімнати) у Львові в газеті Ваш Магазин.:[current page source]
::Продаж будинків:: в м.Львів - Нерухомість (продаж) у Львові в Залізничному р-ні - Ваш Магазин:[http://vashmagazin.ua//nerukhomist/budynky-zhytlovi/zaliznychnyy-rayon/?item_price1=&item_price2=&page=2]
Купити будинок, Львів - Нерухомість у Львівській області в газеті Ваш Магазин:[http://vashmagazin.ua//nerukhomist/budynky-zhytlovi/u-lvivskiy-oblasti/?item_price1=&item_price2=&page=2, http://vashmagazin.ua//nerukhomist/budynky-zhytlovi/u-lvivskiy-oblasti/?item_price1=&item_price2=&page=3, http://vashmagazin.ua//nerukhomist/budynky-zhytlovi/u-lvivskiy-oblasti/?item_price1=&item_price2=&page=4, http://vashmagazin.ua//nerukhomist/budynky-zhytlovi/u-lvivskiy-oblasti/?item_price1=&item_price2=&page=5, http://vashmagazin.ua//nerukhomist/budynky-zhytlovi/u-lvivskiy-oblasti/?item_price1=&item_price2=&page=6, http://vashmagazin.ua//nerukhomist/budynky-zhytlovi/u-lvivskiy-oblasti/?item_price1=&item_price2=&page=7, http://vashmagazin.ua//nerukhomist/budynky-zhytlovi/u-lvivskiy-oblasti/?item_price1=&item_price2=&page=8, http://vashmagazin.ua//nerukhomist/budynky-zhytlovi/u-lvivskiy-oblasti/?item_price1=&item_price2=&page=9, http://vashmagazin.ua//nerukhomist/budynky-zhytlovi/u-lvivskiy-oblasti/?item_price1=&item_price2=&page=10, http://vashmagazin.ua//nerukhomist/budynky-zhytlovi/u-lvivskiy-oblasti/?item_price1=&item_price2=&page=11, http://vashmagazin.ua//nerukhomist/budynky-zhytlovi/u-lvivskiy-oblasti/?item_price1=&item_price2=&page=12, http://vashmagazin.ua//nerukhomist/budynky-zhytlovi/u-lvivskiy-oblasti/?item_price1=&item_price2=&page=13, http://vashmagazin.ua//nerukhomist/budynky-zhytlovi/u-lvivskiy-oblasti/?item_price1=&item_price2=&page=14, http://vashmagazin.ua//nerukhomist/budynky-zhytlovi/u-lvivskiy-oblasti/?item_price1=&item_price2=&page=15, http://vashmagazin.ua//nerukhomist/budynky-zhytlovi/u-lvivskiy-oblasti/?item_price1=&item_price2=&page=16, http://vashmagazin.ua//nerukhomist/budynky-zhytlovi/u-lvivskiy-oblasti/?item_price1=&item_price2=&page=17, http://vashmagazin.ua//nerukhomist/budynky-zhytlovi/u-lvivskiy-oblasti/?item_price1=&item_price2=&page=18, http://vashmagazin.ua//nerukhomist/budynky-zhytlovi/u-lvivskiy-oblasti/?item_price1=&item_price2=&page=19, http://vashmagazin.ua//nerukhomist/budynky-zhytlovi/u-lvivskiy-oblasti/?item_price1=&item_price2=&page=20, http://vashmagazin.ua//nerukhomist/budynky-zhytlovi/u-lvivskiy-oblasti/?item_price1=&item_price2=&page=21]
::Продаж будинків:: - Нерухомість (продаж) за межами Львівської обл. - Ваш Магазин:[current page source]
Продаж житлови будинків у Львові чи області - Львівська нерухомість в газеті Ваш Магазин. Львів.:[current page source]
Купити ::квартиру:: за межами області - Нерухомість у Львові в газеті Ваш Магазин.:[current page source]
::Нерухомість:: (незавершені новобудови) у Львові - Ваш Магазин:[http://vashmagazin.ua//nerukhomist/kvartyry/novobudovy-nezaversheni/?item_price1=&item_price2=&page=2, http://vashmagazin.ua//nerukhomist/kvartyry/novobudovy-nezaversheni/?item_price1=&item_price2=&page=3, http://vashmagazin.ua//nerukhomist/kvartyry/novobudovy-nezaversheni/?item_price1=&item_price2=&page=4, http://vashmagazin.ua//nerukhomist/kvartyry/novobudovy-nezaversheni/?item_price1=&item_price2=&page=5, http://vashmagazin.ua//nerukhomist/kvartyry/novobudovy-nezaversheni/?item_price1=&item_price2=&page=6]
::Нерухомість:: в м.Львів - Купити/продати/зняти нерухомість у Львові з газетою Ваш Магазин:[current page source]
::Нерухомість:: в м.Львів - Купити/продати/зняти нерухомість у Львові з газетою Ваш Магазин:[current page source]
::Купити квартиру:: в м.Львів - Нерухомість (продаж) в Личаківському р-ні - Ваш Магазин:[http://vashmagazin.ua//nerukhomist/kvartyry/lychakivskyy-rayon/?item_price1=&item_price2=&page=2, http://vashmagazin.ua//nerukhomist/kvartyry/lychakivskyy-rayon/?item_price1=&item_price2=&page=3, http://vashmagazin.ua//nerukhomist/kvartyry/lychakivskyy-rayon/?item_price1=&item_price2=&page=4, http://vashmagazin.ua//nerukhomist/kvartyry/lychakivskyy-rayon/?item_price1=&item_price2=&page=5, http://vashmagazin.ua//nerukhomist/kvartyry/lychakivskyy-rayon/?item_price1=&item_price2=&page=6, http://vashmagazin.ua//nerukhomist/kvartyry/lychakivskyy-rayon/?item_price1=&item_price2=&page=7, http://vashmagazin.ua//nerukhomist/kvartyry/lychakivskyy-rayon/?item_price1=&item_price2=&page=8, http://vashmagazin.ua//nerukhomist/kvartyry/lychakivskyy-rayon/?item_price1=&item_price2=&page=9, http://vashmagazin.ua//nerukhomist/kvartyry/lychakivskyy-rayon/?item_price1=&item_price2=&page=10, http://vashmagazin.ua//nerukhomist/kvartyry/lychakivskyy-rayon/?item_price1=&item_price2=&page=11, http://vashmagazin.ua//nerukhomist/kvartyry/lychakivskyy-rayon/?item_price1=&item_price2=&page=12]
Купити ::землю:: ділянки під житлову забудову у м.Львів Франківський р-н - Нерухомість у Львові в газеті Ваш Магазин.:[current page source]
::Нерухомість:: в м.Львів - Купити/продати/зняти нерухомість у Львові з газетою Ваш Магазин:[http://vashmagazin.ua//nerukhomist/komertsiyna-nerukhomist-maf/zaliznychnyy-rayon/?item_price1=&item_price2=&page=2]
::Продаж будинків:: в м.Львів - Нерухомість (продаж) у Львові в Франківському р-ні - Ваш Магазин:[current page source]
Купити ::землю:: ділянки під житлову забудову у м.Львів Залізничний р-н - Нерухомість у Львові в газеті Ваш Магазин.:[http://vashmagazin.ua//nerukhomist/dilyanky-zhytlova-zabudova/zaliznychnyy-rayon/?item_price1=&item_price2=&page=2]
Купити ::землю:: ділянки під житлову забудову у Львівській області - Нерухомість у Львові в газеті Ваш Магазин.:[http://vashmagazin.ua//nerukhomist/dilyanky-zhytlova-zabudova/u-lvivskiy-oblasti/?item_price1=&item_price2=&page=2, http://vashmagazin.ua//nerukhomist/dilyanky-zhytlova-zabudova/u-lvivskiy-oblasti/?item_price1=&item_price2=&page=3, http://vashmagazin.ua//nerukhomist/dilyanky-zhytlova-zabudova/u-lvivskiy-oblasti/?item_price1=&item_price2=&page=4, http://vashmagazin.ua//nerukhomist/dilyanky-zhytlova-zabudova/u-lvivskiy-oblasti/?item_price1=&item_price2=&page=5, http://vashmagazin.ua//nerukhomist/dilyanky-zhytlova-zabudova/u-lvivskiy-oblasti/?item_price1=&item_price2=&page=6, http://vashmagazin.ua//nerukhomist/dilyanky-zhytlova-zabudova/u-lvivskiy-oblasti/?item_price1=&item_price2=&page=7, http://vashmagazin.ua//nerukhomist/dilyanky-zhytlova-zabudova/u-lvivskiy-oblasti/?item_price1=&item_price2=&page=8, http://vashmagazin.ua//nerukhomist/dilyanky-zhytlova-zabudova/u-lvivskiy-oblasti/?item_price1=&item_price2=&page=9, http://vashmagazin.ua//nerukhomist/dilyanky-zhytlova-zabudova/u-lvivskiy-oblasti/?item_price1=&item_price2=&page=10, http://vashmagazin.ua//nerukhomist/dilyanky-zhytlova-zabudova/u-lvivskiy-oblasti/?item_price1=&item_price2=&page=11, http://vashmagazin.ua//nerukhomist/dilyanky-zhytlova-zabudova/u-lvivskiy-oblasti/?item_price1=&item_price2=&page=12, http://vashmagazin.ua//nerukhomist/dilyanky-zhytlova-zabudova/u-lvivskiy-oblasti/?item_price1=&item_price2=&page=13, http://vashmagazin.ua//nerukhomist/dilyanky-zhytlova-zabudova/u-lvivskiy-oblasti/?item_price1=&item_price2=&page=14, http://vashmagazin.ua//nerukhomist/dilyanky-zhytlova-zabudova/u-lvivskiy-oblasti/?item_price1=&item_price2=&page=15, http://vashmagazin.ua//nerukhomist/dilyanky-zhytlova-zabudova/u-lvivskiy-oblasti/?item_price1=&item_price2=&page=16, http://vashmagazin.ua//nerukhomist/dilyanky-zhytlova-zabudova/u-lvivskiy-oblasti/?item_price1=&item_price2=&page=17, http://vashmagazin.ua//nerukhomist/dilyanky-zhytlova-zabudova/u-lvivskiy-oblasti/?item_price1=&item_price2=&page=18, http://vashmagazin.ua//nerukhomist/dilyanky-zhytlova-zabudova/u-lvivskiy-oblasti/?item_price1=&item_price2=&page=19, http://vashmagazin.ua//nerukhomist/dilyanky-zhytlova-zabudova/u-lvivskiy-oblasti/?item_price1=&item_price2=&page=20, http://vashmagazin.ua//nerukhomist/dilyanky-zhytlova-zabudova/u-lvivskiy-oblasti/?item_price1=&item_price2=&page=21]
::Продати дачу:: в м.Львів - Нерухомість (дачі) у Львові і Львівській області - Ваш Магазин:[current page source]
Купити ::кімнату:: у Львівській області - Нерухомість (кімнати) у Львові і області в газеті Ваш Магазин.:[current page source]
::Купити дачну ділянку:: в м.Львів - Нерухомість (продаж) у Львові - Ваш Магазин:[http://vashmagazin.ua//nerukhomist/dilyanky-dachna-zabudova/lviv/?item_price1=&item_price2=&page=2]
::Нерухомість:: в м.Львів - Купити/продати/зняти нерухомість у Львові з газетою Ваш Магазин:[current page source]
Купити ::комерційну нерухомість:: за межами області - Комерційна нерухомість у Львові в газеті Ваш Магазин.:[current page source]
::Продаж будинків:: в м.Львів - Нерухомість (продаж) у Львові в Личаківському р-ні - Ваш Магазин:[http://vashmagazin.ua//nerukhomist/budynky-zhytlovi/lychakivskyy-rayon/?item_price1=&item_price2=&page=2, http://vashmagazin.ua//nerukhomist/budynky-zhytlovi/lychakivskyy-rayon/?item_price1=&item_price2=&page=3]
Купити ::гараж чи стоянку:: в м.Львів Сихівський р-н - Нерухомість у Львові в газеті Ваш Магазин.:[http://vashmagazin.ua//nerukhomist/harazhi-ta-stoyanky/sykhivskyy-rayon/?item_price1=&item_price2=&page=2]
::Нерухомість:: в м.Львів - Купити/продати/зняти нерухомість у Львові з газетою Ваш Магазин:[http://vashmagazin.ua//nerukhomist/komertsiyna-nerukhomist-maf/u-lvivskiy-oblasti/?item_price1=&item_price2=&page=2]
::Обміняти квартиру:: (з більшої на меншу) в м.Львів - Нерухомість (обмін) у Львові - Ваш Магазин:[current page source]
Купити ::землю:: ділянки під житлову забудову у м.Львів Личаківський р-н - Нерухомість у Львові в газеті Ваш Магазин.:[current page source]
::Купити дачу:: в м.Львів - Нерухомість (дачі) у Львові - Ваш Магазин:[current page source]
::Продаж будинків:: в м.Львів - Нерухомість (продаж) у Львові в Сихівському р-ні - Ваш Магазин:[current page source]
::Продаж будинків:: в м.Львів - Нерухомість (продаж) у Львові в Шевченківському р-ні - Ваш Магазин:[http://vashmagazin.ua//nerukhomist/budynky-zhytlovi/shevchenkivskyy-rayon/?item_price1=&item_price2=&page=2]
Продаж: квартира в м.Львів та Львівській області - Купити нерухомість (квартиру) у Львові.:[http://vashmagazin.ua//nerukhomist/kvartyry/prodaty/?item_price1=&item_price2=&page=2, http://vashmagazin.ua//nerukhomist/kvartyry/prodaty/?item_price1=&item_price2=&page=3, http://vashmagazin.ua//nerukhomist/kvartyry/prodaty/?item_price1=&item_price2=&page=4, http://vashmagazin.ua//nerukhomist/kvartyry/prodaty/?item_price1=&item_price2=&page=5, http://vashmagazin.ua//nerukhomist/kvartyry/prodaty/?item_price1=&item_price2=&page=6]
Купити ::гараж чи стоянку:: в м.Львів Залізничний р-н - Нерухомість у Львові в газеті Ваш Магазин.:[http://vashmagazin.ua//nerukhomist/harazhi-ta-stoyanky/zaliznychnyy-rayon/?item_price1=&item_price2=&page=2]
::Купити дачу:: в м.Львів - Нерухомість (дачі) у Львівській області - Ваш Магазин:[http://vashmagazin.ua//nerukhomist/budynky-dachni/u-lvivskiy-oblasti/?item_price1=&item_price2=&page=2, http://vashmagazin.ua//nerukhomist/budynky-dachni/u-lvivskiy-oblasti/?item_price1=&item_price2=&page=3]
::Купити квартиру:: в м.Львів - Нерухомість (продаж) в Галицькому р-ні - Ваш Магазин:[http://vashmagazin.ua//nerukhomist/kvartyry/halytskyy-rayon/?item_price1=&item_price2=&page=2, http://vashmagazin.ua//nerukhomist/kvartyry/halytskyy-rayon/?item_price1=&item_price2=&page=3, http://vashmagazin.ua//nerukhomist/kvartyry/halytskyy-rayon/?item_price1=&item_price2=&page=4, http://vashmagazin.ua//nerukhomist/kvartyry/halytskyy-rayon/?item_price1=&item_price2=&page=5, http://vashmagazin.ua//nerukhomist/kvartyry/halytskyy-rayon/?item_price1=&item_price2=&page=6, http://vashmagazin.ua//nerukhomist/kvartyry/halytskyy-rayon/?item_price1=&item_price2=&page=7, http://vashmagazin.ua//nerukhomist/kvartyry/halytskyy-rayon/?item_price1=&item_price2=&page=8, http://vashmagazin.ua//nerukhomist/kvartyry/halytskyy-rayon/?item_price1=&item_price2=&page=9, http://vashmagazin.ua//nerukhomist/kvartyry/halytskyy-rayon/?item_price1=&item_price2=&page=10, http://vashmagazin.ua//nerukhomist/kvartyry/halytskyy-rayon/?item_price1=&item_price2=&page=11, http://vashmagazin.ua//nerukhomist/kvartyry/halytskyy-rayon/?item_price1=&item_price2=&page=12, http://vashmagazin.ua//nerukhomist/kvartyry/halytskyy-rayon/?item_price1=&item_price2=&page=13, http://vashmagazin.ua//nerukhomist/kvartyry/halytskyy-rayon/?item_price1=&item_price2=&page=14, http://vashmagazin.ua//nerukhomist/kvartyry/halytskyy-rayon/?item_price1=&item_price2=&page=15]
Купити ::землю:: ділянки під житлову забудову за межами області - Нерухомість у Львові в газеті Ваш Магазин.:[current page source]
::Нерухомість:: в м.Львів - Купити/продати/зняти нерухомість у Львові з газетою Ваш Магазин:[current page source]
::Купити квартиру:: в м.Львів - Нерухомість (продаж) в Сихівському р-ні - Ваш Магазин:[http://vashmagazin.ua//nerukhomist/kvartyry/sykhivskyy-rayon/?item_price1=&item_price2=&page=2, http://vashmagazin.ua//nerukhomist/kvartyry/sykhivskyy-rayon/?item_price1=&item_price2=&page=3, http://vashmagazin.ua//nerukhomist/kvartyry/sykhivskyy-rayon/?item_price1=&item_price2=&page=4, http://vashmagazin.ua//nerukhomist/kvartyry/sykhivskyy-rayon/?item_price1=&item_price2=&page=5, http://vashmagazin.ua//nerukhomist/kvartyry/sykhivskyy-rayon/?item_price1=&item_price2=&page=6, http://vashmagazin.ua//nerukhomist/kvartyry/sykhivskyy-rayon/?item_price1=&item_price2=&page=7, http://vashmagazin.ua//nerukhomist/kvartyry/sykhivskyy-rayon/?item_price1=&item_price2=&page=8, http://vashmagazin.ua//nerukhomist/kvartyry/sykhivskyy-rayon/?item_price1=&item_price2=&page=9, http://vashmagazin.ua//nerukhomist/kvartyry/sykhivskyy-rayon/?item_price1=&item_price2=&page=10, http://vashmagazin.ua//nerukhomist/kvartyry/sykhivskyy-rayon/?item_price1=&item_price2=&page=11, http://vashmagazin.ua//nerukhomist/kvartyry/sykhivskyy-rayon/?item_price1=&item_price2=&page=12, http://vashmagazin.ua//nerukhomist/kvartyry/sykhivskyy-rayon/?item_price1=&item_price2=&page=13, http://vashmagazin.ua//nerukhomist/kvartyry/sykhivskyy-rayon/?item_price1=&item_price2=&page=14]
Купити ::гараж чи стоянку:: в м.Львів Галицьки р-н - Нерухомість у Львові в газеті Ваш Магазин.:[current page source]
::Купити дачну ділянку:: в м.Львів - Нерухомість (продаж) у Львівській області - Ваш Магазин:[http://vashmagazin.ua//nerukhomist/dilyanky-dachna-zabudova/u-lvivskiy-oblasti/?item_price1=&item_price2=&page=2, http://vashmagazin.ua//nerukhomist/dilyanky-dachna-zabudova/u-lvivskiy-oblasti/?item_price1=&item_price2=&page=3, http://vashmagazin.ua//nerukhomist/dilyanky-dachna-zabudova/u-lvivskiy-oblasti/?item_price1=&item_price2=&page=4, http://vashmagazin.ua//nerukhomist/dilyanky-dachna-zabudova/u-lvivskiy-oblasti/?item_price1=&item_price2=&page=5]
::Продати дачну ділянку:: в м.Львів - Нерухомість (попит) у Львові і Львівській області - Ваш Магазин:[current page source]
::Обміняти квартиру:: (рівноцінний) в м.Львів - Нерухомість (обмін) у Львові - Ваш Магазин:[current page source]
::Купити квартиру:: в м.Львів - Нерухомість (продаж) в Шевченківському р-ні - Ваш Магазин:[http://vashmagazin.ua//nerukhomist/kvartyry/shevchenkivskyy-rayon/?item_price1=&item_price2=&page=2, http://vashmagazin.ua//nerukhomist/kvartyry/shevchenkivskyy-rayon/?item_price1=&item_price2=&page=3, http://vashmagazin.ua//nerukhomist/kvartyry/shevchenkivskyy-rayon/?item_price1=&item_price2=&page=4, http://vashmagazin.ua//nerukhomist/kvartyry/shevchenkivskyy-rayon/?item_price1=&item_price2=&page=5, http://vashmagazin.ua//nerukhomist/kvartyry/shevchenkivskyy-rayon/?item_price1=&item_price2=&page=6, http://vashmagazin.ua//nerukhomist/kvartyry/shevchenkivskyy-rayon/?item_price1=&item_price2=&page=7, http://vashmagazin.ua//nerukhomist/kvartyry/shevchenkivskyy-rayon/?item_price1=&item_price2=&page=8, http://vashmagazin.ua//nerukhomist/kvartyry/shevchenkivskyy-rayon/?item_price1=&item_price2=&page=9, http://vashmagazin.ua//nerukhomist/kvartyry/shevchenkivskyy-rayon/?item_price1=&item_price2=&page=10, http://vashmagazin.ua//nerukhomist/kvartyry/shevchenkivskyy-rayon/?item_price1=&item_price2=&page=11, http://vashmagazin.ua//nerukhomist/kvartyry/shevchenkivskyy-rayon/?item_price1=&item_price2=&page=12, http://vashmagazin.ua//nerukhomist/kvartyry/shevchenkivskyy-rayon/?item_price1=&item_price2=&page=13, http://vashmagazin.ua//nerukhomist/kvartyry/shevchenkivskyy-rayon/?item_price1=&item_price2=&page=14, http://vashmagazin.ua//nerukhomist/kvartyry/shevchenkivskyy-rayon/?item_price1=&item_price2=&page=15, http://vashmagazin.ua//nerukhomist/kvartyry/shevchenkivskyy-rayon/?item_price1=&item_price2=&page=16, http://vashmagazin.ua//nerukhomist/kvartyry/shevchenkivskyy-rayon/?item_price1=&item_price2=&page=17, http://vashmagazin.ua//nerukhomist/kvartyry/shevchenkivskyy-rayon/?item_price1=&item_price2=&page=18, http://vashmagazin.ua//nerukhomist/kvartyry/shevchenkivskyy-rayon/?item_price1=&item_price2=&page=19]
Купити ::землю:: ділянки під житлову забудову у м.Львів Галицький р-н - Нерухомість у Львові в газеті Ваш Магазин.:[current page source]
Купити ::землю:: ділянки під житлову забудову у м.Львів Шевченківський р-н - Нерухомість у Львові в газеті Ваш Магазин.:[http://vashmagazin.ua//nerukhomist/dilyanky-zhytlova-zabudova/shevchenkivskyy-rayon/?item_price1=&item_price2=&page=2]
::Нерухомість:: (новобудови після 2008р.) у Львові - Ваш Магазин:[http://vashmagazin.ua//nerukhomist/kvartyry/novobudovy-zdans-pislya-2008/?item_price1=&item_price2=&page=2, http://vashmagazin.ua//nerukhomist/kvartyry/novobudovy-zdans-pislya-2008/?item_price1=&item_price2=&page=3, http://vashmagazin.ua//nerukhomist/kvartyry/novobudovy-zdans-pislya-2008/?item_price1=&item_price2=&page=4, http://vashmagazin.ua//nerukhomist/kvartyry/novobudovy-zdans-pislya-2008/?item_price1=&item_price2=&page=5, http://vashmagazin.ua//nerukhomist/kvartyry/novobudovy-zdans-pislya-2008/?item_price1=&item_price2=&page=6, http://vashmagazin.ua//nerukhomist/kvartyry/novobudovy-zdans-pislya-2008/?item_price1=&item_price2=&page=7, http://vashmagazin.ua//nerukhomist/kvartyry/novobudovy-zdans-pislya-2008/?item_price1=&item_price2=&page=8, http://vashmagazin.ua//nerukhomist/kvartyry/novobudovy-zdans-pislya-2008/?item_price1=&item_price2=&page=9, http://vashmagazin.ua//nerukhomist/kvartyry/novobudovy-zdans-pislya-2008/?item_price1=&item_price2=&page=10, http://vashmagazin.ua//nerukhomist/kvartyry/novobudovy-zdans-pislya-2008/?item_price1=&item_price2=&page=11, http://vashmagazin.ua//nerukhomist/kvartyry/novobudovy-zdans-pislya-2008/?item_price1=&item_price2=&page=12, http://vashmagazin.ua//nerukhomist/kvartyry/novobudovy-zdans-pislya-2008/?item_price1=&item_price2=&page=13, http://vashmagazin.ua//nerukhomist/kvartyry/novobudovy-zdans-pislya-2008/?item_price1=&item_price2=&page=14, http://vashmagazin.ua//nerukhomist/kvartyry/novobudovy-zdans-pislya-2008/?item_price1=&item_price2=&page=15, http://vashmagazin.ua//nerukhomist/kvartyry/novobudovy-zdans-pislya-2008/?item_price1=&item_price2=&page=16]
::Нерухомість:: в м.Львів - Купити/продати/зняти нерухомість у Львові з газетою Ваш Магазин:[current page source]
::Нерухомість:: в м.Львів - Купити/продати/зняти нерухомість у Львові з газетою Ваш Магазин:[current page source]
Купити ::гараж чи стоянку:: в м.Львів Личаківський р-н - Нерухомість у Львові в газеті Ваш Магазин.:[http://vashmagazin.ua//nerukhomist/harazhi-ta-stoyanky/lychakivskyy-rayon/?item_price1=&item_price2=&page=2]
Купити ::квартиру:: у Львівській області - Нерухомість у Львові в газеті Ваш Магазин.:[http://vashmagazin.ua//nerukhomist/kvartyry/u-lvivskiy-oblasti/?item_price1=&item_price2=&page=2, http://vashmagazin.ua//nerukhomist/kvartyry/u-lvivskiy-oblasti/?item_price1=&item_price2=&page=3, http://vashmagazin.ua//nerukhomist/kvartyry/u-lvivskiy-oblasti/?item_price1=&item_price2=&page=4, http://vashmagazin.ua//nerukhomist/kvartyry/u-lvivskiy-oblasti/?item_price1=&item_price2=&page=5, http://vashmagazin.ua//nerukhomist/kvartyry/u-lvivskiy-oblasti/?item_price1=&item_price2=&page=6, http://vashmagazin.ua//nerukhomist/kvartyry/u-lvivskiy-oblasti/?item_price1=&item_price2=&page=7, http://vashmagazin.ua//nerukhomist/kvartyry/u-lvivskiy-oblasti/?item_price1=&item_price2=&page=8]
::Нерухомість:: в м.Львів - Купити/продати/зняти нерухомість у Львові з газетою Ваш Магазин:[http://vashmagazin.ua//nerukhomist/komertsiyna-nerukhomist-maf/frankivskyy-rayon/?item_price1=&item_price2=&page=2]
::Нерухомість:: в м.Львів - Купити/продати/зняти нерухомість у Львові з газетою Ваш Магазин:[current page source]
::Здати в оренду гараж:: чи стоянку в м.Львів - Нерухомість (аренда) у Львові - Ваш Магазин:[current page source]
::Нерухомість:: комерційна в м.Львів(Франківський р-н) - Орендувати комерційну нерухомість у Львові - Ваш Магазин:[http://vashmagazin.ua//nerukhomist/orenda-dovhotryvala-komertsiyna-nerukhomist-maf/frankivskyy-rayon/?item_price1=&item_price2=&page=2]
::Нерухомість:: в м.Львів - Купити/продати/зняти нерухомість у Львові з газетою Ваш Магазин:[current page source]
::Оренда квартир:: довготривала в м.Львів - Нерухомість (аренда) в Франківському р-ні - Ваш Магазин:[http://vashmagazin.ua//nerukhomist/orenda-dovhotryvala-kvartyry-budynky/frankivskyy-rayon/?item_price1=&item_price2=&page=2, http://vashmagazin.ua//nerukhomist/orenda-dovhotryvala-kvartyry-budynky/frankivskyy-rayon/?item_price1=&item_price2=&page=3, http://vashmagazin.ua//nerukhomist/orenda-dovhotryvala-kvartyry-budynky/frankivskyy-rayon/?item_price1=&item_price2=&page=4, http://vashmagazin.ua//nerukhomist/orenda-dovhotryvala-kvartyry-budynky/frankivskyy-rayon/?item_price1=&item_price2=&page=5]
::Нерухомість:: комерційна в м.Львів - Орендувати комерційну нерухомість у Львівській області - Ваш Магазин:[current page source]
::Нерухомість:: в м.Львів - Купити/продати/зняти нерухомість у Львові з газетою Ваш Магазин:[current page source]
::Подобова оренда:: здати квартиру в м.Львів - Сдать квартиру посуточно во Львове - Ваш Магазин:[current page source]
Купити ::гараж чи стоянку:: в м.Львів (без місця) - Нерухомість у Львові в газеті Ваш Магазин.:[current page source]
Купити ::землю:: ділянки під житлову забудову у м.Львів Сихівський р-н - Нерухомість у Львові в газеті Ваш Магазин.:[current page source]
::Обміняти квартиру:: (інші варіанти) в м.Львів - Нерухомість (обмін) у Львові - Ваш Магазин:[current page source]
::Нерухомість:: в м.Львів - Купити/продати/зняти нерухомість у Львові з газетою Ваш Магазин:[current page source]
::Нерухомість:: комерційна в м.Львів(Залізничний р-н) - Орендувати комерційну нерухомість у Львові - Ваш Магазин:[http://vashmagazin.ua//nerukhomist/orenda-dovhotryvala-komertsiyna-nerukhomist-maf/zaliznychnyy-rayon/?item_price1=&item_price2=&page=2]
::Нерухомість:: комерційна в м.Львів(Сихівський р-н) - Орендувати комерційну нерухомість у Львові - Ваш Магазин:[http://vashmagazin.ua//nerukhomist/orenda-dovhotryvala-komertsiyna-nerukhomist-maf/sykhivskyy-rayon/?item_price1=&item_price2=&page=2]
::Оренда квартир:: довготривала в м.Львів - Нерухомість (аренда) в Сихівському р-ні - Ваш Магазин:[http://vashmagazin.ua//nerukhomist/orenda-dovhotryvala-kvartyry-budynky/sykhivskyy-rayon/?item_price1=&item_price2=&page=2, http://vashmagazin.ua//nerukhomist/orenda-dovhotryvala-kvartyry-budynky/sykhivskyy-rayon/?item_price1=&item_price2=&page=3]
Оренда нерухомості (комерційної) в м.Львів - Комерційна нерухомість в оренду у Львові.:[current page source]
::Обміняти квартиру:: (з'їзд і роз'їзд) в м.Львів - Нерухомість (обмін) у Львові - Ваш Магазин:[current page source]
Оренда нерухомості (комерційної) в м.Львів - Комерційна нерухомість в оренду у Львові.:[http://vashmagazin.ua//nerukhomist/orenda-dovhotryvala-komertsiyna-nerukhomist-maf/popyt-komertsiyna-nerukhomist/?item_price1=&item_price2=&page=2]
::Оренда нерухомості:: в м.Львів (довготривала) - Нерухомість (аренда квартир) у Львові:[current page source]
::Оренда квартир:: довготривала в м.Львів - Нерухомість (аренда) в Шевченківському р-ні - Ваш Магазин:[http://vashmagazin.ua//nerukhomist/orenda-dovhotryvala-kvartyry-budynky/shevchenkivskyy-rayon/?item_price1=&item_price2=&page=2, http://vashmagazin.ua//nerukhomist/orenda-dovhotryvala-kvartyry-budynky/shevchenkivskyy-rayon/?item_price1=&item_price2=&page=3, http://vashmagazin.ua//nerukhomist/orenda-dovhotryvala-kvartyry-budynky/shevchenkivskyy-rayon/?item_price1=&item_price2=&page=4]
::Нерухомість:: в м.Львів - Купити/продати/зняти нерухомість у Львові з газетою Ваш Магазин:[current page source]
::Нерухомість:: в м.Львів - Купити/продати/зняти нерухомість у Львові з газетою Ваш Магазин:[current page source]
3	from	http://vashmagazin.ua//nerukhomist/budynky-dachni/nezavershene-budivnytstvo/
0	from	http://vashmagazin.ua//nerukhomist/dilyanky-komertsiyna-zabudova/za-mezhamy-lvivskoyi-oblasti/
2	from	http://vashmagazin.ua//nerukhomist/kimnaty/u-lvivskiy-oblasti/
::Оренда квартир:: довготривала в м.Львів - Нерухомість (аренда) в Залізничному р-ні - Ваш Магазин:[http://vashmagazin.ua//nerukhomist/orenda-dovhotryvala-kvartyry-budynky/zaliznychnyy-rayon/?item_price1=&item_price2=&page=2, http://vashmagazin.ua//nerukhomist/orenda-dovhotryvala-kvartyry-budynky/zaliznychnyy-rayon/?item_price1=&item_price2=&page=3, http://vashmagazin.ua//nerukhomist/orenda-dovhotryvala-kvartyry-budynky/zaliznychnyy-rayon/?item_price1=&item_price2=&page=4]
::Купити дачну ділянку:: в м.Львів - Нерухомість (продаж) за межами області - Ваш Магазин:[current page source]
Продати ::кімнату:: у м.Львів та Львівській області - Нерухомість (кімнати) у Львові в газеті Ваш Магазин.:[current page source]
::Нерухомість:: в м.Львів - Купити/продати/зняти нерухомість у Львові з газетою Ваш Магазин:[current page source]
::Нерухомість:: в м.Львів - Купити/продати/зняти нерухомість у Львові з газетою Ваш Магазин:[current page source]
::Нерухомість:: в м.Львів - Купити/продати/зняти нерухомість у Львові з газетою Ваш Магазин:[current page source]
::Нерухомість:: в м.Львів - Купити/продати/зняти нерухомість у Львові з газетою Ваш Магазин:[current page source]
::Оренда квартир:: довготривала в м.Львів - Нерухомість (аренда) в Галицькому р-ні - Ваш Магазин:[http://vashmagazin.ua//nerukhomist/orenda-dovhotryvala-kvartyry-budynky/halytskyy-rayon/?item_price1=&item_price2=&page=2, http://vashmagazin.ua//nerukhomist/orenda-dovhotryvala-kvartyry-budynky/halytskyy-rayon/?item_price1=&item_price2=&page=3, http://vashmagazin.ua//nerukhomist/orenda-dovhotryvala-kvartyry-budynky/halytskyy-rayon/?item_price1=&item_price2=&page=4, http://vashmagazin.ua//nerukhomist/orenda-dovhotryvala-kvartyry-budynky/halytskyy-rayon/?item_price1=&item_price2=&page=5, http://vashmagazin.ua//nerukhomist/orenda-dovhotryvala-kvartyry-budynky/halytskyy-rayon/?item_price1=&item_price2=&page=6]
3	from	http://vashmagazin.ua//nerukhomist/kvartyry/za-mezhamy-lvivskoyi-oblasti/
18	from	http://vashmagazin.ua//nerukhomist/obmin-nerukhomosti/bilsha-na-menshu/
5	from	http://vashmagazin.ua//nerukhomist/budynky-dachni/prodaty/
::Купити квартиру:: в м.Львів - Нерухомість (продаж) в Залізничному р-ні - Ваш Магазин:[http://vashmagazin.ua//nerukhomist/kvartyry/zaliznychnyy-rayon/?item_price1=&item_price2=&page=2, http://vashmagazin.ua//nerukhomist/kvartyry/zaliznychnyy-rayon/?item_price1=&item_price2=&page=3, http://vashmagazin.ua//nerukhomist/kvartyry/zaliznychnyy-rayon/?item_price1=&item_price2=&page=4, http://vashmagazin.ua//nerukhomist/kvartyry/zaliznychnyy-rayon/?item_price1=&item_price2=&page=5, http://vashmagazin.ua//nerukhomist/kvartyry/zaliznychnyy-rayon/?item_price1=&item_price2=&page=6, http://vashmagazin.ua//nerukhomist/kvartyry/zaliznychnyy-rayon/?item_price1=&item_price2=&page=7, http://vashmagazin.ua//nerukhomist/kvartyry/zaliznychnyy-rayon/?item_price1=&item_price2=&page=8, http://vashmagazin.ua//nerukhomist/kvartyry/zaliznychnyy-rayon/?item_price1=&item_price2=&page=9, http://vashmagazin.ua//nerukhomist/kvartyry/zaliznychnyy-rayon/?item_price1=&item_price2=&page=10, http://vashmagazin.ua//nerukhomist/kvartyry/zaliznychnyy-rayon/?item_price1=&item_price2=&page=11, http://vashmagazin.ua//nerukhomist/kvartyry/zaliznychnyy-rayon/?item_price1=&item_price2=&page=12, http://vashmagazin.ua//nerukhomist/kvartyry/zaliznychnyy-rayon/?item_price1=&item_price2=&page=13, http://vashmagazin.ua//nerukhomist/kvartyry/zaliznychnyy-rayon/?item_price1=&item_price2=&page=14, http://vashmagazin.ua//nerukhomist/kvartyry/zaliznychnyy-rayon/?item_price1=&item_price2=&page=15]
7	from	http://vashmagazin.ua//nerukhomist/budynky-zhytlovi/halytskyy-rayon/
Купити ::гараж чи стоянку:: у Львівській області - Нерухомість у Львові в газеті Ваш Магазин.:[current page source]
13	from	http://vashmagazin.ua//nerukhomist/dilyanky-zhytlova-zabudova/prodaty/
30	from	http://vashmagazin.ua//nerukhomist/budynky-zhytlovi/frankivskyy-rayon/
Оренда нерухомості (комерційної) в м.Львів - Комерційна нерухомість в оренду у Львові.:[current page source]
::Оренда квартир:: довготривала в м.Львів - Нерухомість (здати) у Львові - Ваш Магазин:[http://vashmagazin.ua//nerukhomist/orenda-dovhotryvala-kvartyry-budynky/prodaty/?item_price1=&item_price2=&page=2, http://vashmagazin.ua//nerukhomist/orenda-dovhotryvala-kvartyry-budynky/prodaty/?item_price1=&item_price2=&page=3, http://vashmagazin.ua//nerukhomist/orenda-dovhotryvala-kvartyry-budynky/prodaty/?item_price1=&item_price2=&page=4, http://vashmagazin.ua//nerukhomist/orenda-dovhotryvala-kvartyry-budynky/prodaty/?item_price1=&item_price2=&page=5, http://vashmagazin.ua//nerukhomist/orenda-dovhotryvala-kvartyry-budynky/prodaty/?item_price1=&item_price2=&page=6, http://vashmagazin.ua//nerukhomist/orenda-dovhotryvala-kvartyry-budynky/prodaty/?item_price1=&item_price2=&page=7, http://vashmagazin.ua//nerukhomist/orenda-dovhotryvala-kvartyry-budynky/prodaty/?item_price1=&item_price2=&page=8, http://vashmagazin.ua//nerukhomist/orenda-dovhotryvala-kvartyry-budynky/prodaty/?item_price1=&item_price2=&page=9, http://vashmagazin.ua//nerukhomist/orenda-dovhotryvala-kvartyry-budynky/prodaty/?item_price1=&item_price2=&page=10, http://vashmagazin.ua//nerukhomist/orenda-dovhotryvala-kvartyry-budynky/prodaty/?item_price1=&item_price2=&page=11, http://vashmagazin.ua//nerukhomist/orenda-dovhotryvala-kvartyry-budynky/prodaty/?item_price1=&item_price2=&page=12]
::Обміняти квартиру:: (з меншої на більшу) в м.Львів - Нерухомість (обмін) у Львові - Ваш Магазин:[current page source]
::Нерухомість:: комерційна в м.Львів(Шевченківський р-н) - Орендувати комерційну нерухомість у Львові - Ваш Магазин:[http://vashmagazin.ua//nerukhomist/orenda-dovhotryvala-komertsiyna-nerukhomist-maf/shevchenkivskyy-rayon/?item_price1=&item_price2=&page=2]
::Нерухомість:: комерційна в м.Львів(Галицький р-н) - Орендувати комерційну нерухомість у Львові - Ваш Магазин:[http://vashmagazin.ua//nerukhomist/orenda-dovhotryvala-komertsiyna-nerukhomist-maf/halytskyy-rayon/?item_price1=&item_price2=&page=2, http://vashmagazin.ua//nerukhomist/orenda-dovhotryvala-komertsiyna-nerukhomist-maf/halytskyy-rayon/?item_price1=&item_price2=&page=3, http://vashmagazin.ua//nerukhomist/orenda-dovhotryvala-komertsiyna-nerukhomist-maf/halytskyy-rayon/?item_price1=&item_price2=&page=4]
Купити ::комерційну нерухомість:: в м.Львів - Комерційна нерухомість у Львівській області в газеті Ваш Магазин.:[current page source]
Продати ::комерційну нерухомість:: в м.Львів і області - Комерційна нерухомість у Львові в газеті Ваш Магазин.:[current page source]
::Нерухомість:: в м.Львів - Купити/продати/зняти нерухомість у Львові з газетою Ваш Магазин:[http://vashmagazin.ua//nerukhomist/komertsiyna-nerukhomist-maf/halytskyy-rayon/?item_price1=&item_price2=&page=2, http://vashmagazin.ua//nerukhomist/komertsiyna-nerukhomist-maf/halytskyy-rayon/?item_price1=&item_price2=&page=3]
7	from	http://vashmagazin.ua//nerukhomist/dilyanky-zhytlova-zabudova/frankivskyy-rayon/
8	from	http://vashmagazin.ua//nerukhomist/dilyanky-zhytlova-zabudova/za-mezhamy-lvivskoyi-oblasti/
::Нерухомість:: в м.Львів - Купити/продати/зняти нерухомість у Львові з газетою Ваш Магазин:[current page source]
::Нерухомість:: в м.Львів - Купити/продати/зняти нерухомість у Львові з газетою Ваш Магазин:[current page source]
11	from	http://vashmagazin.ua//nerukhomist/budynky-dachni/lviv/
::Нерухомість:: в м.Львів - Купити/продати/зняти нерухомість у Львові з газетою Ваш Магазин:[current page source]
::Продати будинок:: в м.Львів - Нерухомість (попит) у Львові - Ваш Магазин:[current page source]
0	from	http://vashmagazin.ua//nerukhomist/kimnaty/za-mezhamy-lvivskoyi-oblasti/
20	from	http://vashmagazin.ua//nerukhomist/dilyanky-zhytlova-zabudova/lychakivskyy-rayon/
7	from	http://vashmagazin.ua//nerukhomist/harazhi-ta-stoyanky/halytskyy-rayon/
21	from	http://vashmagazin.ua//nerukhomist/komertsiyna-nerukhomist-maf/mali-arkhitekturni-formy/
27	from	http://vashmagazin.ua//nerukhomist/komertsiyna-nerukhomist-maf/lychakivskyy-rayon/
28	from	http://vashmagazin.ua//nerukhomist/komertsiyna-nerukhomist-maf/sykhivskyy-rayon/
4	from	http://vashmagazin.ua//nerukhomist/komertsiyna-nerukhomist-maf/prodaty-mali-arkhitekturni-formy/
Купити ::комерційну нерухомість:: в м.Львів і області - Комерційна нерухомість у Львові в газеті Ваш Магазин.:[current page source]
0	from	http://vashmagazin.ua//nerukhomist/budynky-dachni/za-mezhamy-lvivskoyi-oblasti/
Продати ::гараж чи стоянку:: в м.Львів та Львівській області - Нерухомість у Львові в газеті Ваш Магазин.:[current page source]
::Зняти в оренду гараж:: чи стоянку в м.Львів - Нерухомість (аренда) у Львові - Ваш Магазин:[current page source]
::Купити квартиру:: в м.Львів - Нерухомість (продаж) в Франківському р-ні - Ваш Магазин:[http://vashmagazin.ua//nerukhomist/kvartyry/frankivskyy-rayon/?item_price1=&item_price2=&page=2, http://vashmagazin.ua//nerukhomist/kvartyry/frankivskyy-rayon/?item_price1=&item_price2=&page=3, http://vashmagazin.ua//nerukhomist/kvartyry/frankivskyy-rayon/?item_price1=&item_price2=&page=4, http://vashmagazin.ua//nerukhomist/kvartyry/frankivskyy-rayon/?item_price1=&item_price2=&page=5, http://vashmagazin.ua//nerukhomist/kvartyry/frankivskyy-rayon/?item_price1=&item_price2=&page=6, http://vashmagazin.ua//nerukhomist/kvartyry/frankivskyy-rayon/?item_price1=&item_price2=&page=7, http://vashmagazin.ua//nerukhomist/kvartyry/frankivskyy-rayon/?item_price1=&item_price2=&page=8, http://vashmagazin.ua//nerukhomist/kvartyry/frankivskyy-rayon/?item_price1=&item_price2=&page=9, http://vashmagazin.ua//nerukhomist/kvartyry/frankivskyy-rayon/?item_price1=&item_price2=&page=10, http://vashmagazin.ua//nerukhomist/kvartyry/frankivskyy-rayon/?item_price1=&item_price2=&page=11, http://vashmagazin.ua//nerukhomist/kvartyry/frankivskyy-rayon/?item_price1=&item_price2=&page=12, http://vashmagazin.ua//nerukhomist/kvartyry/frankivskyy-rayon/?item_price1=&item_price2=&page=13, http://vashmagazin.ua//nerukhomist/kvartyry/frankivskyy-rayon/?item_price1=&item_price2=&page=14, http://vashmagazin.ua//nerukhomist/kvartyry/frankivskyy-rayon/?item_price1=&item_price2=&page=15, http://vashmagazin.ua//nerukhomist/kvartyry/frankivskyy-rayon/?item_price1=&item_price2=&page=16, http://vashmagazin.ua//nerukhomist/kvartyry/frankivskyy-rayon/?item_price1=&item_price2=&page=17, http://vashmagazin.ua//nerukhomist/kvartyry/frankivskyy-rayon/?item_price1=&item_price2=&page=18, http://vashmagazin.ua//nerukhomist/kvartyry/frankivskyy-rayon/?item_price1=&item_price2=&page=19, http://vashmagazin.ua//nerukhomist/kvartyry/frankivskyy-rayon/?item_price1=&item_price2=&page=20, http://vashmagazin.ua//nerukhomist/kvartyry/frankivskyy-rayon/?item_price1=&item_price2=&page=21, http://vashmagazin.ua//nerukhomist/kvartyry/frankivskyy-rayon/?item_price1=&item_price2=&page=22, http://vashmagazin.ua//nerukhomist/kvartyry/frankivskyy-rayon/?item_price1=&item_price2=&page=23]
Купити ::гараж чи стоянку:: в м.Львів Шевченківський р-н - Нерухомість у Львові в газеті Ваш Магазин.:[http://vashmagazin.ua//nerukhomist/harazhi-ta-stoyanky/shevchenkivskyy-rayon/?item_price1=&item_price2=&page=2]
0	from	http://vashmagazin.ua//nerukhomist/orenda-dovhotryvala-dilyanky-datsi/za-mezhamy-lvivskoyi-oblasti/
::Нерухомість:: комерційна в м.Львів - Орендувати комерційну нерухомість у Львівській області - Ваш Магазин:[current page source]
6	from	http://vashmagazin.ua//nerukhomist/orenda-harazhi-stoyanky/prodaty/
Купити ::гараж чи стоянку:: в м.Львів - Нерухомість за межами області в газеті Ваш Магазин.:[current page source]
13	from	http://vashmagazin.ua//nerukhomist/budynky-zhytlovi/sykhivskyy-rayon/
::Обміняти квартиру:: між містами - Нерухомість (обмін міжміський) у Львові - Ваш Магазин:[http://vashmagazin.ua//nerukhomist/obmin-nerukhomosti/mizhmiskyy/?item_price1=&item_price2=&page=2]
27	from	http://vashmagazin.ua//nerukhomist/komertsiyna-nerukhomist-maf/shevchenkivskyy-rayon/
30	from	http://vashmagazin.ua//nerukhomist/budynky-zhytlovi/nezavershene-budivnytstvo/
15	from	http://vashmagazin.ua//nerukhomist/komertsiyna-nerukhomist-maf/prodaty-komertsiyna-nerukhomist/
10	from	http://vashmagazin.ua//nerukhomist/obmin-nerukhomosti/rivnotsinnyy/
11	from	http://vashmagazin.ua//nerukhomist/harazhi-ta-stoyanky/harazhi-bez-mistsya/
8	from	http://vashmagazin.ua//nerukhomist/dilyanky-dachna-zabudova/prodaty/
0	from	http://vashmagazin.ua//nerukhomist/orenda-dovhotryvala-komertsiyna-nerukhomist-maf/prodaty-mali-arkhitekturni-formy/
4	from	http://vashmagazin.ua//nerukhomist/obmin-nerukhomosti/obmin-inshyy/
4	from	http://vashmagazin.ua//nerukhomist/dilyanky-zhytlova-zabudova/halytskyy-rayon/
7	from	http://vashmagazin.ua//nerukhomist/dilyanky-zhytlova-zabudova/sykhivskyy-rayon/
0	from	http://vashmagazin.ua//nerukhomist/orenda-dovhotryvala-komertsiyna-nerukhomist-maf/za-mezhamy-lvivskoyi-oblasti/
10	from	http://vashmagazin.ua//nerukhomist/obmin-nerukhomosti/zyizd-rozyizd/
27	from	http://vashmagazin.ua//nerukhomist/orenda-dovhotryvala-kimnaty/sykhivskyy-rayon/
::Нерухомість:: в м.Львів - Купити/продати/зняти нерухомість у Львові з газетою Ваш Магазин:[current page source]
0	from	http://vashmagazin.ua//nerukhomist/orenda-dovhotryvala-kvartyry-budynky/za-mezhamy-lvivskoyi-oblasti/
::Оренда нерухомості:: у Львівській області (довготривала) - Нерухомість (аренда квартир) у Львові:[current page source]
0	from	http://vashmagazin.ua//nerukhomist/orenda-dovhotryvala-dilyanky-datsi/popyt/
26	from	http://vashmagazin.ua//nerukhomist/kimnaty/lviv/
2	from	http://vashmagazin.ua//nerukhomist/orenda-podobova/prodaty/
30	from	http://vashmagazin.ua//nerukhomist/orenda-dovhotryvala-kimnaty/zaliznychnyy-rayon/
::Нерухомість:: комерційна в м.Львів(Личаківський р-н) - Орендувати комерційну нерухомість у Львові - Ваш Магазин:[http://vashmagazin.ua//nerukhomist/orenda-dovhotryvala-komertsiyna-nerukhomist-maf/lychakivskyy-rayon/?item_price1=&item_price2=&page=2]
57	from	http://vashmagazin.ua//nerukhomist/budynky-zhytlovi/zaliznychnyy-rayon/
1	from	http://vashmagazin.ua//nerukhomist/komertsiyna-nerukhomist-maf/za-mezhamy-lvivskoyi-oblasti/
0	from	http://vashmagazin.ua//nerukhomist/orenda-dovhotryvala-dilyanky-datsi/v-oblasti/
::Подобова оренда:: квартир в м.Львів - Квартири подобово в м. Львів.:[http://vashmagazin.ua//nerukhomist/orenda-podobova/kupyty/?item_price1=&item_price2=&page=2, http://vashmagazin.ua//nerukhomist/orenda-podobova/kupyty/?item_price1=&item_price2=&page=3, http://vashmagazin.ua//nerukhomist/orenda-podobova/kupyty/?item_price1=&item_price2=&page=4, http://vashmagazin.ua//nerukhomist/orenda-podobova/kupyty/?item_price1=&item_price2=&page=5]
::Оренда квартир:: довготривала в м.Львів - Нерухомість (аренда) в Личаківському р-ні - Ваш Магазин:[http://vashmagazin.ua//nerukhomist/orenda-dovhotryvala-kvartyry-budynky/lychakivskyy-rayon/?item_price1=&item_price2=&page=2, http://vashmagazin.ua//nerukhomist/orenda-dovhotryvala-kvartyry-budynky/lychakivskyy-rayon/?item_price1=&item_price2=&page=3, http://vashmagazin.ua//nerukhomist/orenda-dovhotryvala-kvartyry-budynky/lychakivskyy-rayon/?item_price1=&item_price2=&page=4]
32	from	http://vashmagazin.ua//nerukhomist/dilyanky-zhytlova-zabudova/zaliznychnyy-rayon/
19	from	http://vashmagazin.ua//nerukhomist/orenda-dovhotryvala-kimnaty/prodaty/
1	from	http://vashmagazin.ua//nerukhomist/kimnaty/prodaty/
1	from	http://vashmagazin.ua//nerukhomist/dilyanky-dachna-zabudova/za-mezhamy-lvivskoyi-oblasti/
0	from	http://vashmagazin.ua//nerukhomist/orenda-dovhotryvala-kimnaty/za-mezhamy-lvivskoyi-oblasti/
20	from	http://vashmagazin.ua//nerukhomist/orenda-dovhotryvala-kimnaty/shevchenkivskyy-rayon/
24	from	http://vashmagazin.ua//nerukhomist/budynky-zhytlovi/za-mezhamy-lvivskoyi-oblasti/
46	from	http://vashmagazin.ua//nerukhomist/harazhi-ta-stoyanky/zaliznychnyy-rayon/
15	from	http://vashmagazin.ua//nerukhomist/dilyanky-komertsiyna-zabudova/u-lvivskiy-oblasti/
7	from	http://vashmagazin.ua//nerukhomist/orenda-dovhotryvala-komertsiyna-nerukhomist-maf/mali-arkhitekturni-formy/
22	from	http://vashmagazin.ua//nerukhomist/orenda-dovhotryvala-kimnaty/frankivskyy-rayon/
39	from	http://vashmagazin.ua//nerukhomist/komertsiyna-nerukhomist-maf/zaliznychnyy-rayon/
6	from	http://vashmagazin.ua//nerukhomist/harazhi-ta-stoyanky/u-lvivskiy-oblasti/
21	from	http://vashmagazin.ua//nerukhomist/obmin-nerukhomosti/mensha-na-bilshu/
40	from	http://vashmagazin.ua//nerukhomist/dilyanky-dachna-zabudova/lviv/
8	from	http://vashmagazin.ua//nerukhomist/orenda-dovhotryvala-kimnaty/u-lvivskiy-oblasti/
50	from	http://vashmagazin.ua//nerukhomist/harazhi-ta-stoyanky/sykhivskyy-rayon/
56	from	http://vashmagazin.ua//nerukhomist/budynky-zhytlovi/shevchenkivskyy-rayon/
4	from	http://vashmagazin.ua//nerukhomist/dilyanky-komertsiyna-zabudova/prodaty/
17	from	http://vashmagazin.ua//nerukhomist/dilyanky-komertsiyna-zabudova/lviv/
42	from	http://vashmagazin.ua//nerukhomist/harazhi-ta-stoyanky/frankivskyy-rayon/
23	from	http://vashmagazin.ua//nerukhomist/budynky-zhytlovi/prodaty/
21	from	http://vashmagazin.ua//nerukhomist/orenda-dovhotryvala-kimnaty/lychakivskyy-rayon/
14	from	http://vashmagazin.ua//nerukhomist/orenda-dovhotryvala-kimnaty/halytskyy-rayon/
38	from	http://vashmagazin.ua//nerukhomist/orenda-dovhotryvala-komertsiyna-nerukhomist-maf/frankivskyy-rayon/
8	from	http://vashmagazin.ua//nerukhomist/orenda-harazhi-stoyanky/kupyty/
21	from	http://vashmagazin.ua//nerukhomist/harazhi-ta-stoyanky/prodaty/
35	from	http://vashmagazin.ua//nerukhomist/komertsiyna-nerukhomist-maf/u-lvivskiy-oblasti/
17	from	http://vashmagazin.ua//nerukhomist/orenda-dovhotryvala-komertsiyna-nerukhomist-maf/u-lvivskiy-oblasti/
45	from	http://vashmagazin.ua//nerukhomist/komertsiyna-nerukhomist-maf/frankivskyy-rayon/
1	from	http://vashmagazin.ua//nerukhomist/orenda-dovhotryvala-dilyanky-datsi/u-lvovi/
40	from	http://vashmagazin.ua//nerukhomist/orenda-dovhotryvala-komertsiyna-nerukhomist-maf/zaliznychnyy-rayon/
0	from	http://vashmagazin.ua//nerukhomist/harazhi-ta-stoyanky/za-mezhamy-lvivskoyi-oblasti/
10	from	http://vashmagazin.ua//nerukhomist/orenda-dovhotryvala-kvartyry-budynky/u-lvivskiy-oblasti/
31	from	http://vashmagazin.ua//nerukhomist/dilyanky-zhytlova-zabudova/shevchenkivskyy-rayon/
77	from	http://vashmagazin.ua//nerukhomist/budynky-zhytlovi/lychakivskyy-rayon/
44	from	http://vashmagazin.ua//nerukhomist/orenda-dovhotryvala-komertsiyna-nerukhomist-maf/shevchenkivskyy-rayon/
38	from	http://vashmagazin.ua//nerukhomist/orenda-dovhotryvala-komertsiyna-nerukhomist-maf/popyt-komertsiyna-nerukhomist/
33	from	http://vashmagazin.ua//nerukhomist/harazhi-ta-stoyanky/lychakivskyy-rayon/
34	from	http://vashmagazin.ua//nerukhomist/orenda-dovhotryvala-komertsiyna-nerukhomist-maf/sykhivskyy-rayon/
81	from	http://vashmagazin.ua//nerukhomist/orenda-dovhotryvala-kvartyry-budynky/sykhivskyy-rayon/
49	from	http://vashmagazin.ua//nerukhomist/obmin-nerukhomosti/mizhmiskyy/
77	from	http://vashmagazin.ua//nerukhomist/komertsiyna-nerukhomist-maf/halytskyy-rayon/
43	from	http://vashmagazin.ua//nerukhomist/orenda-dovhotryvala-komertsiyna-nerukhomist-maf/lychakivskyy-rayon/
82	from	http://vashmagazin.ua//nerukhomist/budynky-dachni/u-lvivskiy-oblasti/
59	from	http://vashmagazin.ua//nerukhomist/harazhi-ta-stoyanky/shevchenkivskyy-rayon/
117	from	http://vashmagazin.ua//nerukhomist/orenda-dovhotryvala-kvartyry-budynky/zaliznychnyy-rayon/
103	from	http://vashmagazin.ua//nerukhomist/orenda-dovhotryvala-komertsiyna-nerukhomist-maf/halytskyy-rayon/
138	from	http://vashmagazin.ua//nerukhomist/orenda-dovhotryvala-kvartyry-budynky/frankivskyy-rayon/
94	from	http://vashmagazin.ua//nerukhomist/orenda-dovhotryvala-kvartyry-budynky/shevchenkivskyy-rayon/
96	from	http://vashmagazin.ua//nerukhomist/orenda-dovhotryvala-kvartyry-budynky/lychakivskyy-rayon/
164	from	http://vashmagazin.ua//nerukhomist/orenda-dovhotryvala-kvartyry-budynky/halytskyy-rayon/
164	from	http://vashmagazin.ua//nerukhomist/kvartyry/prodaty/
151	from	http://vashmagazin.ua//nerukhomist/kvartyry/novobudovy-nezaversheni/
146	from	http://vashmagazin.ua//nerukhomist/orenda-podobova/kupyty/
128	from	http://vashmagazin.ua//nerukhomist/dilyanky-dachna-zabudova/u-lvivskiy-oblasti/
240	from	http://vashmagazin.ua//nerukhomist/kvartyry/u-lvivskiy-oblasti/
479	from	http://vashmagazin.ua//nerukhomist/kvartyry/novobudovy-zdans-pislya-2008/
352	from	http://vashmagazin.ua//nerukhomist/orenda-dovhotryvala-kvartyry-budynky/prodaty/
446	from	http://vashmagazin.ua//nerukhomist/kvartyry/zaliznychnyy-rayon/
395	from	http://vashmagazin.ua//nerukhomist/kvartyry/sykhivskyy-rayon/
344	from	http://vashmagazin.ua//nerukhomist/kvartyry/lychakivskyy-rayon/
604	from	http://vashmagazin.ua//nerukhomist/dilyanky-zhytlova-zabudova/u-lvivskiy-oblasti/
439	from	http://vashmagazin.ua//nerukhomist/kvartyry/halytskyy-rayon/
674	from	http://vashmagazin.ua//nerukhomist/kvartyry/frankivskyy-rayon/
553	from	http://vashmagazin.ua//nerukhomist/kvartyry/shevchenkivskyy-rayon/
606	from	http://vashmagazin.ua//nerukhomist/budynky-zhytlovi/u-lvivskiy-oblasti/
Work time     = 115 s
RubCount      = 111
KvartyryCount = 8326
End update

Start save
try save to 'out\data\15.12.2015\catalog'
save to 'out\data\15.12.2015\catalog' success
try save to 'out\data\15.12.2015\catalog(Tel List)15.12.2015.txt'
save to 'out\data\15.12.2015\catalog(Tel List)15.12.2015.txt'
try save to 'out\data\15.12.2015\catalog15.12.2015.xlsx'
save to 'out\data\15.12.2015\catalog15.12.2015.xlsx' success

Start filter
End filter
try save to 'out\data\15.12.2015\catalog15.12.2015_filtered.xlsx'
save to 'out\data\15.12.2015\catalog15.12.2015_filtered.xlsx' success
End save

===== FINISH ===== Tue Dec 15 12:50:20 EET 2015 =====